









<!DOCTYPE html>
<html>
<head>
	<meta charset='utf-8' /> 
	<meta name='description' content='' />
	<meta name='robots' content='noodp, noydir' />
	<meta name='viewport' content='width=device-width, initial-scale=1' />
	<meta id="timeStampFormat" name="timeStampFormat" content='MMM d, yyyy hh:mm:ss a'/>
	
        <link href='https://fonts.googleapis.com/css?family=Source+Sans+Pro:400,600' rel='stylesheet' type='text/css' />
        <link href="https://fonts.googleapis.com/icon?family=Material+Icons" rel="stylesheet" />
        <link href='https://cdn.jsdelivr.net/gh/extent-framework/extent-github-cdn@ff53917fbbdb5ef820abbbe4d199a6942dc771ff/v3html/css/extent.css' type='text/css' rel='stylesheet' />
	
	<title>ExtentReports</title>

	<style type='text/css'>
		/* json-tree */
		.jstBracket,.jstComma,.jstValue{white-space:pre-wrap}.jstValue{font-size:10px;font-weight:400;font-family:"Lucida Console",Monaco,monospace}.jstProperty{color:#666;word-wrap:break-word}.jstBool{color:#2525CC}.jstNum{color:#D036D0}.jstNull{color:gray}.jstStr{color:#2DB669}.jstFold:after{content:' -';cursor:pointer}.jstExpand{white-space:normal}.jstExpand:after{content:' +';cursor:pointer}.jstFolded{white-space:normal!important}.jstHiddenBlock{display:none}
	</style>
	
	<script type="text/javascript">
		/*! json-tree - v0.2.2 - 2017-09-25, MIT LICENSE */
		var JSONTree=function(){var n={"&":"&amp;","<":"&lt;",">":"&gt;",'"':"&quot;","'":"&#x27;","/":"&#x2F;"},t=0,r=0;this.create=function(n,t){return r+=1,N(u(n,0,!1),{class:"jstValue"})};var e=function(t){return t.replace(/[&<>'"]/g,function(t){return n[t]})},s=function(){return r+"_"+t++},u=function(n,t,r){if(null===n)return f(r?t:0);switch(typeof n){case"boolean":return l(n,r?t:0);case"number":return i(n,r?t:0);case"string":return o(n,r?t:0);default:return n instanceof Array?a(n,t,r):c(n,t,r)}},c=function(n,t,r){var e=s(),u=Object.keys(n).map(function(r){return j(r,n[r],t+1,!0)}).join(m()),c=[g("{",r?t:0,e),N(u,{id:e}),p("}",t)].join("\n");return N(c,{})},a=function(n,t,r){var e=s(),c=n.map(function(n){return u(n,t+1,!0)}).join(m());return[g("[",r?t:0,e),N(c,{id:e}),p("]",t)].join("\n")},o=function(n,t){var r=e(JSON.stringify(n));return N(v(r,t),{class:"jstStr"})},i=function(n,t){return N(v(n,t),{class:"jstNum"})},l=function(n,t){return N(v(n,t),{class:"jstBool"})},f=function(n){return N(v("null",n),{class:"jstNull"})},j=function(n,t,r){var s=v(e(JSON.stringify(n))+": ",r),c=N(u(t,r,!1),{});return N(s+c,{class:"jstProperty"})},m=function(){return N(",\n",{class:"jstComma"})},N=function(n,t){return d("span",t,n)},d=function(n,t,r){return"<"+n+Object.keys(t).map(function(n){return" "+n+'="'+t[n]+'"'}).join("")+">"+r+"</"+n+">"},g=function(n,t,r){return N(v(n,t),{class:"jstBracket"})+N("",{class:"jstFold",onclick:"JSONTree.toggle('"+r+"')"})};this.toggle=function(n){var t=document.getElementById(n),r=t.parentNode,e=t.previousElementSibling;""===t.className?(t.className="jstHiddenBlock",r.className="jstFolded",e.className="jstExpand"):(t.className="",r.className="",e.className="jstFold")};var p=function(n,t){return N(v(n,t),{})},v=function(n,t){return Array(2*t+1).join(" ")+n};return this}();
	</script>
</head>
	<body class='extent standard default hide-overflow bdd-report'>
		<div id='theme-selector' alt='Click to toggle theme. To enable by default, use theme configuration.' title='Click to toggle theme. To enable by default, use theme configuration.'>
			<span><i class='material-icons'>desktop_windows</i></span>
		</div>
<nav>
	<div class="nav-wrapper">
		<a href="#!" class="brand-logo black"><img src="https://cdn.rawgit.com/extent-framework/extent-github-cdn/d74480e/commons/img/logo.png"></a>
		<!-- slideout menu -->
		<ul id='slide-out' class='side-nav fixed hide-on-med-and-down'>
			<li class='waves-effect active'><a href='#!' view='test-view' onclick="configureView(0);chartsView('test');"><i class='material-icons'>dashboard</i></a></li>
						<li class='waves-effect'><a href='#!' view='category-view' onclick="configureView(1)"><i class='material-icons'>label_outline</i></a></li>
			<li class='waves-effect'><a href='#!' view='exception-view' onclick="configureView(2)"><i class='material-icons'>bug_report</i></a></li>
			<li class='waves-effect'><a href='#!' onclick="configureView(-1);chartsView('dashboard');" view='dashboard-view'><i class='material-icons'>track_changes</i></a></li>
		</ul>
		<!-- report name -->
		<span class='report-name'>ExtentReports</span>
		<!-- report headline -->
		<span class='report-headline'></span>
		<!-- nav-right -->
		<ul id='nav-mobile' class='right hide-on-med-and-down nav-right'>
			<a href='#!'>
			<span class='label blue darken-3 suite-start-time'>Dec 19, 2020 07:45:29 AM</span>
			</a>
		</ul>
	</div>
</nav>		<!-- container -->
		<div class='container'>
<div id='test-view' class='view'>
	<section id='controls'>
		<div class='controls grey lighten-4'>
			<!-- test toggle -->
			<div class='chip transparent'>
				<a class='dropdown-button tests-toggle' data-activates='tests-toggle' data-constrainwidth='true' data-beloworigin='true' data-hover='true' href='#'>
				<i class='material-icons'>warning</i> Status
				</a>
				<ul id='tests-toggle' class='dropdown-content'>
										<li status='pass'><a href='#!'>Pass <i class='material-icons green-text'>check_circle</i></a></li>
					<li status='fail'><a href='#!'>Fail <i class='material-icons red-text'>cancel</i></a></li>
					<li status='skip'><a href='#!'>Skip <i class='material-icons cyan-text'>redo</i></a></li>
					<li class='divider'></li>
					<li status='clear' clear='true'><a href='#!'>Clear Filters <i class='material-icons'>clear</i></a></li>
				</ul>
			</div>
			<!-- test toggle -->
			<!-- category toggle -->
			<div class='chip transparent'>
				<a class='dropdown-button category-toggle' data-activates='category-toggle' data-constrainwidth='false' data-beloworigin='true' data-hover='true' href='#'>
				<i class='material-icons'>local_offer</i> Category
				</a>
				<ul id='category-toggle' class='dropdown-content'>
					<li><a href='#'>@FunctionalTest</a></li>
					<li><a href='#'>@SmokeTest</a></li>
					<li><a href='#'>@RegressionTest</a></li>
					<li class='divider'></li>
					<li class='clear'><a href='#!' clear='true'>Clear Filters</a></li>
				</ul>
			</div>
			<!-- category toggle -->
			<!-- clear filters -->
			<div class='chip transparent hide'>
				<a class='' id='clear-filters' alt='Clear Filters' title='Clear Filters'>
				<i class='material-icons'>close</i> Clear
				</a>
			</div>
			<!-- clear filters -->
			<!-- enable dashboard -->
			<div id='toggle-test-view-charts' class='chip transparent'>
				<a class='pink-text' id='enable-dashboard' alt='Enable Dashboard' title='Enable Dashboard'>
				<i class='material-icons'>track_changes</i> Dashboard
				</a>
			</div>
			<!-- enable dashboard -->
			<!-- search -->
			<div class='chip transparent' alt='Search Tests' title='Search Tests'>
				<a href="#" class='search-div'>
				<i class='material-icons'>search</i> Search
				</a>
				<div class='input-field left hide'>
					<input id='search-tests' type='text' class='validate browser-default' placeholder='Search Tests...'>
				</div>
			</div>
			<!-- search -->
		</div>
	</section>
<div id='test-view-charts' class='subview-full'>
    <div id='charts-row' class='row nm-v nm-h'>
        <div class='col s12 m4 l4 np-h'>
            <div class='card-panel nm-v'>
                <div class='left panel-name'>Features</div>
                <div class='chart-box' style="max-height:94px;">
                    <canvas id='parent-analysis' width='90' height='70'></canvas>
                </div>
                <div class='block text-small'>
                    <span class='tooltipped' data-position='top' data-tooltip='66.667%'><span class='strong'>2</span> feature(s) passed</span>
                </div>
                <div class='block text-small'>
                    <span class='strong tooltipped' data-position='top' data-tooltip='33.333%'>1</span> feature(s) failed, <span class='strong tooltipped' data-position='top' data-tooltip='0%'>0</span> skipped
                </div>
            </div>
        </div>
        <div class='col s12 m4 l4 np-h'>
            <div class='card-panel nm-v'>
                <div class='left panel-name'>Scenarios</div>
                <div class='chart-box' style="max-height:94px;">
                    <canvas id='child-analysis' width='90' height='70'></canvas>
                </div>
                <div class='block text-small'>
                    <span class='tooltipped' data-position='top' data-tooltip='75%'><span class='strong'>3</span> scenario(s) passed</span>
                </div>
                <div class='block text-small'>
                    <span class='strong tooltipped' data-position='top' data-tooltip='25%'>1</span> scenario(s) failed, 
                    <span class='strong tooltipped' data-position='top' data-tooltip='0%'>0</span> skipped, 
                    <span class='strong tooltipped' data-position='top' data-tooltip='0%'>0</span> others
                </div>
            </div>
        </div>
        <div class='col s12 m4 l4 np-h'>
            <div class='card-panel nm-v'>
                <div class='left panel-name'>Steps</div>
                <div class='chart-box' style="max-height:94px;">
                    <canvas id='grandchild-analysis' width='90' height='70'></canvas>
                </div>
                <div class='block text-small'>
                    <span class='tooltipped' data-position='top' data-tooltip='77.778%'><span class='strong'>28</span> step(s) passed</span>
                </div>
                <div class='block text-small'>
                    <span class='strong tooltipped' data-position='top' data-tooltip='5.556%'>2</span> scenario(s) failed, 
                    <span class='strong tooltipped' data-position='top' data-tooltip='16.667%'>6</span> skipped, 
                    <span class='strong tooltipped' data-position='top' data-tooltip='16.667%'>0</span> others
                </div>
            </div>
        </div>
    </div>
    <div id="timeline-chart" class="row nm-v nm-h">
        <div class="col s12 m12 l12 np-h">
            <div class="card-panel">
                <div class='left panel-name'>Timeline (seconds)</div>
                <div class="chart-box" style="width:98%;max-height:145px;">
                    <canvas id="timeline" height="120"></canvas>
                </div>
            </div>
        </div>
    </div>
</div>	<div class='subview-left left'>
		<div class='view-summary'>
			<ul id='test-collection' class='test-collection'>
				<li class='test displayed active has-leaf pass' status='pass' bdd='true' test-id='1'>
					<div class='test-heading'>
						<span class='test-name'>To test the calendar module</span>
						<span class='test-time'>Dec 19, 2020 07:45:39 AM</span>
						<span class='test-status right pass'>pass</span>
					</div>
					<div class='test-content hide'>
<div class="sr-filters bdd-filters">
	<a class="btn-floating waves-effect waves-light pass green" title="pass"><i class='material-icons'>check_circle</i></a>
	<a class="btn-floating waves-effect waves-light fail red" title="fail"><i class='material-icons'>cancel</i></a>
	<a class="btn-floating waves-effect waves-light skip blue" title="skip"><i class='material-icons'>redo</i></a>
	<a class="btn-floating waves-effect waves-light clear grey" title="clear"><i class='material-icons'>clear</i></a>
</div>
<div class='scenario node' test-id='2' status='pass'>
	<div class='category-list'>
		<span class='category label'>@FunctionalTest</span>
		<span class='category label'>@SmokeTest</span>
	</div>
	<span class='duration right label'>0h 0m 23s+199ms</span>
	<div class="bdd-test">
		<div class="scenario-name"><span class='status pass' title='pass'><i class='material-icons'>check_circle</i></span> Scenario: To add one or more new calendars</div>
	</div>
	<ul class='steps'>
		<li test-id='4' class='node given pass' status='pass'>
			<div class="step-name" title="com.stepDefinitions.Calendars_Sample.user_opens_the_url()"><span class='status pass' title='pass'><i class='material-icons'>check_circle</i></span>Given user opens the url</div>
			<div class="node-step"></div>
		</li>
		<li test-id='5' class='node then pass' status='pass'>
			<div class="step-name" title="com.stepDefinitions.Calendars_Sample.user_clicks_login_btn()"><span class='status pass' title='pass'><i class='material-icons'>check_circle</i></span>Then user clicks login btn</div>
			<div class="node-step"></div>
		</li>
		<li test-id='6' class='node then pass' status='pass'>
			<div class="step-name" title="com.stepDefinitions.Calendars_Sample.enters_username_and_password()"><span class='status pass' title='pass'><i class='material-icons'>check_circle</i></span>Then enters username and password</div>
			<div class="node-step"></div>
		</li>
		<li test-id='7' class='node then pass' status='pass'>
			<div class="step-name" title="com.stepDefinitions.Calendars_Sample.click_submit_btn()"><span class='status pass' title='pass'><i class='material-icons'>check_circle</i></span>Then click submit btn</div>
			<div class="node-step"></div>
		</li>
		<li test-id='8' class='node given pass' status='pass'>
			<div class="step-name" title="com.stepDefinitions.Calendars_Sample.user_logged_in_the_crm_application()"><span class='status pass' title='pass'><i class='material-icons'>check_circle</i></span>Given user logged in the crm application</div>
			<div class="node-step"></div>
		</li>
		<li test-id='9' class='node when pass' status='pass'>
			<div class="step-name" title="com.stepDefinitions.Calendars_Sample.user_opens_calendar()"><span class='status pass' title='pass'><i class='material-icons'>check_circle</i></span>When user opens calendar</div>
			<div class="node-step"></div>
		</li>
		<li test-id='10' class='node and pass' status='pass'>
			<div class="step-name" title="com.stepDefinitions.Calendars_Sample.user_clicks_new_calendar()"><span class='status pass' title='pass'><i class='material-icons'>check_circle</i></span>And user clicks new calendar</div>
			<div class="node-step"></div>
		</li>
		<li test-id='11' class='node and pass' status='pass'>
			<div class="step-name" title="com.stepDefinitions.Calendars_Sample.user_fills_the_form_with(io.cucumber.datatable.DataTable)"><span class='status pass' title='pass'><i class='material-icons'>check_circle</i></span>And user fills the form with</div>
			<div class="node-step"><table class='runtime-table table-striped table'><tr><td>title</td><td>calendar</td><td>startDate</td><td>Description</td><td>Location</td><td>AllDay</td><td>category</td><td>Tags</td><td>Deals</td><td>Cases</td><td>Tasks</td><td>AlertTime</td><td>AlertVia</td><td>ReminderTime</td><td>AssignedTo</td><td>Participants</td><td>Company</td><td>screenshot</td></tr><tr><td>abcde</td><td>cal3.6</td><td>17/12/2020 20:00</td><td>This is my first event</td><td>ca office</td><td>Yes</td><td>Important</td><td>tag1,tag2,tag3</td><td>deals1</td><td>cases1</td><td>task1</td><td>30 Minutes</td><td>Email</td><td>10 minutes</td><td>Satya Bolloju</td><td>satya</td><td>Aagama</td><td>screenshot1.png</td></tr></table></div>
		</li>
		<li test-id='12' class='node and pass' status='pass'>
			<div class="step-name" title="com.stepDefinitions.Calendars_Sample.click_on_save_btn()"><span class='status pass' title='pass'><i class='material-icons'>check_circle</i></span>And click on save btn</div>
			<div class="node-step"></div>
		</li>
		<li test-id='13' class='node then pass' status='pass'>
			<div class="step-name" title="com.stepDefinitions.Calendars_Sample.new_calendar_event_should_be_saved()"><span class='status pass' title='pass'><i class='material-icons'>check_circle</i></span>Then new calendar event should be saved</div>
			<div class="node-step"></div>
		</li>
		<li test-id='14' class='node then pass' status='pass'>
			<div class="step-name" title="com.stepDefinitions.Calendars_Sample.user_logouts_from_the_application()"><span class='status pass' title='pass'><i class='material-icons'>check_circle</i></span>Then user logouts from the application</div>
			<div class="node-step"></div>
		</li>
	</ul>
</div>
					</div>
				</li>
				<li class='test displayed active has-leaf fail' status='fail' bdd='true' test-id='16'>
					<div class='test-heading'>
						<span class='test-name'>To test the crm application Login</span>
						<span class='test-time'>Dec 19, 2020 07:46:11 AM</span>
						<span class='test-status right fail'>fail</span>
					</div>
					<div class='test-content hide'>
<div class="sr-filters bdd-filters">
	<a class="btn-floating waves-effect waves-light pass green" title="pass"><i class='material-icons'>check_circle</i></a>
	<a class="btn-floating waves-effect waves-light fail red" title="fail"><i class='material-icons'>cancel</i></a>
	<a class="btn-floating waves-effect waves-light skip blue" title="skip"><i class='material-icons'>redo</i></a>
	<a class="btn-floating waves-effect waves-light clear grey" title="clear"><i class='material-icons'>clear</i></a>
</div>
<div class='scenario outline node' test-id='17' status='pass'>
	<div class='category-list'>
		<span class='category label'>@SmokeTest</span>
	</div>
	<span class='duration right label'>0h 0m 3s+884ms</span>
	<div class="bdd-test">
		<div class="scenario-name"><span class='status pass' title='pass'><i class='material-icons'>check_circle</i></span> Scenario Outline: To test the crm Login Functionality for Valid User</div>
		<table class='runtime-table table-striped table'><tr><td>email</td><td>password</td></tr><tr><td>pdeep.nov20@mail.com</td><td>Satya@123</td></tr></table>
	</div>
	<ul class='steps'>
		<li test-id='18' class='node scenario pass' status='pass'>
			<div class="step-name" title=""><span class='status pass' title='pass'><i class='material-icons'>check_circle</i></span>To test the crm Login Functionality for Valid User</div>
			<ul class='gc steps'>
				<li test-id='20' class='gc given pass' status='pass'>
					<h6 class="step-name" title="com.stepDefinitions.Crm_LoginSteps.user_enters_the_url()"><span class='status pass' title='pass'><i class='material-icons'>check_circle</i></span>Given user enters the url</h6>
					<div class="node-step"></div>
				</li>
				<li test-id='21' class='gc then pass' status='pass'>
					<h6 class="step-name" title="com.stepDefinitions.Crm_LoginSteps.user_clicks_on_the_login_button()"><span class='status pass' title='pass'><i class='material-icons'>check_circle</i></span>Then user clicks on the login button</h6>
					<div class="node-step"></div>
				</li>
				<li test-id='22' class='gc when pass' status='pass'>
					<h6 class="step-name" title="com.stepDefinitions.Crm_LoginSteps.user_enters_and(java.lang.String,java.lang.String)"><span class='status pass' title='pass'><i class='material-icons'>check_circle</i></span>When user enters "pdeep.nov20@mail.com" and "Satya@123"</h6>
					<div class="node-step"></div>
				</li>
				<li test-id='23' class='gc then pass' status='pass'>
					<h6 class="step-name" title="com.stepDefinitions.Crm_LoginSteps.user_clicks_on_the_submit_button()"><span class='status pass' title='pass'><i class='material-icons'>check_circle</i></span>Then user clicks on the submit button</h6>
					<div class="node-step"></div>
				</li>
				<li test-id='24' class='gc then pass' status='pass'>
					<h6 class="step-name" title="com.stepDefinitions.Crm_LoginSteps.user_should_be_launched_on_the_home_page()"><span class='status pass' title='pass'><i class='material-icons'>check_circle</i></span>Then user should be launched on the home page</h6>
					<div class="node-step"></div>
				</li>
				<li test-id='25' class='gc then pass' status='pass'>
					<h6 class="step-name" title="com.stepDefinitions.Crm_LoginSteps.user_verify_the_username()"><span class='status pass' title='pass'><i class='material-icons'>check_circle</i></span>Then user verify the username</h6>
					<div class="node-step"></div>
				</li>
				<li test-id='26' class='gc then pass' status='pass'>
					<h6 class="step-name" title="com.stepDefinitions.Crm_LoginSteps.logout_from_the_application()"><span class='status pass' title='pass'><i class='material-icons'>check_circle</i></span>Then logout from the application</h6>
					<div class="node-step"></div>
				</li>
				<li test-id='27' class='gc then pass' status='pass'>
					<h6 class="step-name" title="com.stepDefinitions.Crm_LoginSteps.close_the_browser()"><span class='status pass' title='pass'><i class='material-icons'>check_circle</i></span>Then close the browser</h6>
					<div class="node-step"></div>
				</li>
			</ul>
		</li>
	</ul>
</div>
<div class='scenario outline node' test-id='29' status='fail'>
	<div class='category-list'>
		<span class='category label'>@RegressionTest</span>
	</div>
	<span class='duration right label'>0h 10m 3s+518ms</span>
	<div class="bdd-test">
		<div class="scenario-name"><span class='status fail' title='fail'><i class='material-icons'>cancel</i></span> Scenario Outline: To test the crm Login Functionality for InValid User</div>
		<table class='runtime-table table-striped table'><tr><td>email</td><td>password</td></tr><tr><td>sri@gmail.com</td><td>Sri123</td></tr></table>
	</div>
	<ul class='steps'>
		<li test-id='30' class='node scenario fail' status='fail'>
			<div class="step-name" title=""><span class='status fail' title='fail'><i class='material-icons'>cancel</i></span>To test the crm Login Functionality for InValid User</div>
			<ul class='gc steps'>
				<li test-id='31' class='gc * fail' status='fail'>
					<h6 class="step-name" title=""><span class='status fail' title='fail'><i class='material-icons'>cancel</i></span>com.stepDefinitions.Hook.setUp()</h6>
					<textarea disabled class="code-block">org.openqa.selenium.SessionNotCreatedException: session not created
from timeout: Timed out receiving message from renderer: 600.000
  (Session info: chrome=87.0.4280.88)
Build info: version: '3.141.59', revision: 'e82be7d358', time: '2018-11-14T08:17:03'
System info: host: 'PRADEEP-PC', ip: '192.168.214.1', os.name: 'Windows 10', os.arch: 'amd64', os.version: '10.0', java.version: '1.8.0_271'
Driver info: driver.version: ChromeDriver
remote stacktrace: Backtrace:
	Ordinal0 [0x00B4C0C3+3326147]
	Ordinal0 [0x00A30851+2164817]
	Ordinal0 [0x008B7298+619160]
	Ordinal0 [0x008AB17F+569727]
	Ordinal0 [0x008AA421+566305]
	Ordinal0 [0x008AA815+567317]
	Ordinal0 [0x008AA135+565557]
	Ordinal0 [0x008B38B1+604337]
	Ordinal0 [0x008AA0F1+565489]
	Ordinal0 [0x008AAEA2+568994]
	Ordinal0 [0x008AA421+566305]
	Ordinal0 [0x008AA815+567317]
	Ordinal0 [0x008AA135+565557]
	Ordinal0 [0x008B1D2C+597292]
	Ordinal0 [0x008AA0F1+565489]
	Ordinal0 [0x008AAEA2+568994]
	Ordinal0 [0x008AA421+566305]
	Ordinal0 [0x008AA815+567317]
	Ordinal0 [0x008AA135+565557]
	Ordinal0 [0x008AFE62+589410]
	Ordinal0 [0x008AA0F1+565489]
	Ordinal0 [0x008AAEA2+568994]
	Ordinal0 [0x008AA421+566305]
	Ordinal0 [0x008AA815+567317]
	Ordinal0 [0x008AA135+565557]
	Ordinal0 [0x008AF075+585845]
	Ordinal0 [0x008AA0F1+565489]
	Ordinal0 [0x008AAEA2+568994]
	Ordinal0 [0x008AA421+566305]
	Ordinal0 [0x008AA815+567317]
	Ordinal0 [0x008AA135+565557]
	Ordinal0 [0x008A6776+550774]
	Ordinal0 [0x008AA0F1+565489]
	Ordinal0 [0x008A9F13+565011]
	Ordinal0 [0x008A9D07+564487]
	Ordinal0 [0x008B82C0+623296]
	Ordinal0 [0x00856BDD+224221]
	Ordinal0 [0x00855CAC+220332]
	Ordinal0 [0x0085189B+202907]
	Ordinal0 [0x00833DF4+81396]
	Ordinal0 [0x00834DEE+85486]
	Ordinal0 [0x00834D79+85369]
	Ordinal0 [0x00A485DC+2262492]
	GetHandleVerifier [0x00CD2874+1487204]
	GetHandleVerifier [0x00CD23CD+1486013]
	GetHandleVerifier [0x00CDA368+1518680]
	GetHandleVerifier [0x00CD2F4E+1488958]
	Ordinal0 [0x00A3ED0D+2223373]
	Ordinal0 [0x00A4A12B+2269483]
	Ordinal0 [0x00A4A26F+2269807]
	Ordinal0 [0x00A5ECB8+2354360]
	BaseThreadInitThunk [0x75C6FA29+25]
	RtlGetAppContainerNamedObjectPath [0x77A575F4+228]
	RtlGetAppContainerNamedObjectPath [0x77A575C4+180]

	at sun.reflect.NativeConstructorAccessorImpl.newInstance0(Native Method)
	at sun.reflect.NativeConstructorAccessorImpl.newInstance(NativeConstructorAccessorImpl.java:62)
	at sun.reflect.DelegatingConstructorAccessorImpl.newInstance(DelegatingConstructorAccessorImpl.java:45)
	at java.lang.reflect.Constructor.newInstance(Constructor.java:423)
	at org.openqa.selenium.remote.W3CHandshakeResponse.lambda$errorHandler$0(W3CHandshakeResponse.java:62)
	at org.openqa.selenium.remote.HandshakeResponse.lambda$getResponseFunction$0(HandshakeResponse.java:30)
	at org.openqa.selenium.remote.ProtocolHandshake.lambda$createSession$0(ProtocolHandshake.java:126)
	at java.util.stream.ReferencePipeline$3$1.accept(ReferencePipeline.java:193)
	at java.util.Spliterators$ArraySpliterator.tryAdvance(Spliterators.java:958)
	at java.util.stream.ReferencePipeline.forEachWithCancel(ReferencePipeline.java:126)
	at java.util.stream.AbstractPipeline.copyIntoWithCancel(AbstractPipeline.java:499)
	at java.util.stream.AbstractPipeline.copyInto(AbstractPipeline.java:486)
	at java.util.stream.AbstractPipeline.wrapAndCopyInto(AbstractPipeline.java:472)
	at java.util.stream.FindOps$FindOp.evaluateSequential(FindOps.java:152)
	at java.util.stream.AbstractPipeline.evaluate(AbstractPipeline.java:234)
	at java.util.stream.ReferencePipeline.findFirst(ReferencePipeline.java:464)
	at org.openqa.selenium.remote.ProtocolHandshake.createSession(ProtocolHandshake.java:128)
	at org.openqa.selenium.remote.ProtocolHandshake.createSession(ProtocolHandshake.java:74)
	at org.openqa.selenium.remote.HttpCommandExecutor.execute(HttpCommandExecutor.java:136)
	at org.openqa.selenium.remote.service.DriverCommandExecutor.execute(DriverCommandExecutor.java:83)
	at org.openqa.selenium.remote.RemoteWebDriver.execute(RemoteWebDriver.java:552)
	at org.openqa.selenium.remote.RemoteWebDriver.startSession(RemoteWebDriver.java:213)
	at org.openqa.selenium.remote.RemoteWebDriver.<init>(RemoteWebDriver.java:131)
	at org.openqa.selenium.chrome.ChromeDriver.<init>(ChromeDriver.java:181)
	at org.openqa.selenium.chrome.ChromeDriver.<init>(ChromeDriver.java:168)
	at org.openqa.selenium.chrome.ChromeDriver.<init>(ChromeDriver.java:123)
	at com.baseClasses.Library.browserSetUp(Library.java:53)
	at com.stepDefinitions.Hook.setUp(Hook.java:27)
</textarea>
				</li>
				<li test-id='32' class='gc given skip' status='skip'>
					<h6 class="step-name" title="com.stepDefinitions.Crm_LoginSteps.user_enters_the_url()"><span class='status skip' title='skip'><i class='material-icons'>redo</i></span>Given user enters the url</h6>
					<div class="node-step">Step skipped</div>
				</li>
				<li test-id='33' class='gc then skip' status='skip'>
					<h6 class="step-name" title="com.stepDefinitions.Crm_LoginSteps.user_clicks_on_the_login_button()"><span class='status skip' title='skip'><i class='material-icons'>redo</i></span>Then user clicks on the login button</h6>
					<div class="node-step">Step skipped</div>
				</li>
				<li test-id='34' class='gc when skip' status='skip'>
					<h6 class="step-name" title="com.stepDefinitions.Crm_LoginSteps.user_enters_invalid_and_invalid(java.lang.String,java.lang.String)"><span class='status skip' title='skip'><i class='material-icons'>redo</i></span>When user enters invalid "sri@gmail.com" and invalid "Sri123"</h6>
					<div class="node-step">Step skipped</div>
				</li>
				<li test-id='35' class='gc then skip' status='skip'>
					<h6 class="step-name" title="com.stepDefinitions.Crm_LoginSteps.user_clicks_on_the_submit_button()"><span class='status skip' title='skip'><i class='material-icons'>redo</i></span>Then user clicks on the submit button</h6>
					<div class="node-step">Step skipped</div>
				</li>
				<li test-id='36' class='gc then skip' status='skip'>
					<h6 class="step-name" title="com.stepDefinitions.Crm_LoginSteps.invalid_credentials_message_is_displayed()"><span class='status skip' title='skip'><i class='material-icons'>redo</i></span>Then invalid credentials message is displayed</h6>
					<div class="node-step">Step skipped</div>
				</li>
				<li test-id='37' class='gc then skip' status='skip'>
					<h6 class="step-name" title="com.stepDefinitions.Crm_LoginSteps.close_the_browser()"><span class='status skip' title='skip'><i class='material-icons'>redo</i></span>Then close the browser</h6>
					<div class="node-step">Step skipped</div>
				</li>
				<li test-id='38' class='gc * fail' status='fail'>
					<h6 class="step-name" title=""><span class='status fail' title='fail'><i class='material-icons'>cancel</i></span>com.stepDefinitions.Hook.tear(io.cucumber.java.Scenario)</h6>
					<textarea disabled class="code-block">org.openqa.selenium.NoSuchSessionException: Session ID is null. Using WebDriver after calling quit()?
Build info: version: '3.141.59', revision: 'e82be7d358', time: '2018-11-14T08:17:03'
System info: host: 'PRADEEP-PC', ip: '192.168.214.1', os.name: 'Windows 10', os.arch: 'amd64', os.version: '10.0', java.version: '1.8.0_271'
Driver info: driver.version: RemoteWebDriver
	at org.openqa.selenium.remote.HttpCommandExecutor.execute(HttpCommandExecutor.java:125)
	at org.openqa.selenium.remote.service.DriverCommandExecutor.execute(DriverCommandExecutor.java:83)
	at org.openqa.selenium.remote.RemoteWebDriver.execute(RemoteWebDriver.java:552)
	at org.openqa.selenium.remote.RemoteWebDriver.execute(RemoteWebDriver.java:609)
	at org.openqa.selenium.remote.RemoteWebDriver.getScreenshotAs(RemoteWebDriver.java:295)
	at com.reusableFunctions.SeleniumUtilities.to_take_screenshot(SeleniumUtilities.java:26)
	at com.stepDefinitions.Hook.tear(Hook.java:40)
</textarea>
				</li>
			</ul>
		</li>
	</ul>
</div>
					</div>
				</li>
				<li class='test displayed active has-leaf pass' status='pass' bdd='true' test-id='39'>
					<div class='test-heading'>
						<span class='test-name'>To test the deals module</span>
						<span class='test-time'>Dec 19, 2020 07:56:28 AM</span>
						<span class='test-status right pass'>pass</span>
					</div>
					<div class='test-content hide'>
<div class="sr-filters bdd-filters">
	<a class="btn-floating waves-effect waves-light pass green" title="pass"><i class='material-icons'>check_circle</i></a>
	<a class="btn-floating waves-effect waves-light fail red" title="fail"><i class='material-icons'>cancel</i></a>
	<a class="btn-floating waves-effect waves-light skip blue" title="skip"><i class='material-icons'>redo</i></a>
	<a class="btn-floating waves-effect waves-light clear grey" title="clear"><i class='material-icons'>clear</i></a>
</div>
<div class='scenario node' test-id='40' status='pass'>
	<div class='category-list'>
		<span class='category label'>@FunctionalTest</span>
	</div>
	<span class='duration right label'>0h 0m 4s+559ms</span>
	<div class="bdd-test">
		<div class="scenario-name"><span class='status pass' title='pass'><i class='material-icons'>check_circle</i></span> Scenario: To create a new Deal</div>
	</div>
	<ul class='steps'>
		<li test-id='42' class='node given pass' status='pass'>
			<div class="step-name" title="com.stepDefinitions.Calendars_Sample.user_opens_the_url()"><span class='status pass' title='pass'><i class='material-icons'>check_circle</i></span>Given user opens the url</div>
			<div class="node-step"></div>
		</li>
		<li test-id='43' class='node then pass' status='pass'>
			<div class="step-name" title="com.stepDefinitions.Calendars_Sample.user_clicks_login_btn()"><span class='status pass' title='pass'><i class='material-icons'>check_circle</i></span>Then user clicks login btn</div>
			<div class="node-step"></div>
		</li>
		<li test-id='44' class='node then pass' status='pass'>
			<div class="step-name" title="com.stepDefinitions.Calendars_Sample.enters_username_and_password()"><span class='status pass' title='pass'><i class='material-icons'>check_circle</i></span>Then enters username and password</div>
			<div class="node-step"></div>
		</li>
		<li test-id='45' class='node then pass' status='pass'>
			<div class="step-name" title="com.stepDefinitions.Calendars_Sample.click_submit_btn()"><span class='status pass' title='pass'><i class='material-icons'>check_circle</i></span>Then click submit btn</div>
			<div class="node-step"></div>
		</li>
		<li test-id='46' class='node given pass' status='pass'>
			<div class="step-name" title="com.stepDefinitions.Crm_DealsSteps.user_is_on_the_homePage()"><span class='status pass' title='pass'><i class='material-icons'>check_circle</i></span>Given user is on the homePage</div>
			<div class="node-step"></div>
		</li>
		<li test-id='47' class='node when pass' status='pass'>
			<div class="step-name" title="com.stepDefinitions.Crm_DealsSteps.user_clicks_on_the_New_Btn()"><span class='status pass' title='pass'><i class='material-icons'>check_circle</i></span>When user clicks on the New Btn</div>
			<div class="node-step"></div>
		</li>
		<li test-id='48' class='node and pass' status='pass'>
			<div class="step-name" title="com.stepDefinitions.Crm_DealsSteps.user_fills_the_Deal_details(io.cucumber.datatable.DataTable)"><span class='status pass' title='pass'><i class='material-icons'>check_circle</i></span>And user fills the Deal details</div>
			<div class="node-step"><table class='runtime-table table-striped table'><tr><td>Title</td><td>Ammount</td><td>Commission</td><td>Stage</td></tr><tr><td>TestDeal1</td><td>4000</td><td>200</td><td>Negotiate</td></tr></table></div>
		</li>
		<li test-id='49' class='node and pass' status='pass'>
			<div class="step-name" title="com.stepDefinitions.Crm_DealsSteps.user_clicks_on_save_Btn()"><span class='status pass' title='pass'><i class='material-icons'>check_circle</i></span>And user clicks on save Btn</div>
			<div class="node-step"></div>
		</li>
		<li test-id='50' class='node then pass' status='pass'>
			<div class="step-name" title="com.stepDefinitions.Crm_DealsSteps.a_new_deal_is_created()"><span class='status pass' title='pass'><i class='material-icons'>check_circle</i></span>Then a new deal is created</div>
			<div class="node-step"></div>
		</li>
	</ul>
</div>
					</div>
				</li>
			</ul>
		</div>
	</div>
	<!-- subview left -->
	<div class='subview-right left'>
		<div class='view-summary'>
			<div id='step-filters' class="right sr-filters">
				<a class="btn-floating waves-effect waves-light green" status="pass" alt="pass" title="pass"><i class="material-icons">check_circle</i></a>
				<a class="btn-floating waves-effect waves-light red" status="fail" alt="fail" title="fail"><i class="material-icons">cancel</i></a>
				<a class="btn-floating waves-effect waves-light red darken-4" status="fatal" alt="fatal" title="fatal"><i class="material-icons">cancel</i></a>
				<a class="btn-floating waves-effect waves-light pink text-lighten-1" status="error" alt="error" title="error"><i class="material-icons">error</i></a>
				<a class="btn-floating waves-effect waves-light orange" alt="warning" status="warning" title="warning"><i class="material-icons">warning</i></a>
				<a class="btn-floating waves-effect waves-light teal" status="skip" alt="skip" title="skip"><i class="material-icons">redo</i></a>
				<a class="btn-floating waves-effect waves-light grey" status="clear" alt="Clear filters" title="Clear filters"><i class="material-icons">clear</i></a>
			</div>
			<h5 class='test-name'></h5>
		</div>
	</div>
	<!-- subview right -->
</div>
<!-- test view --><div id='category-view' class='view hide'>
	<section id='controls'>
		<div class='controls grey lighten-4'>
			<!-- search -->
			<div class='chip transparent' alt='Search Tests' title='Search Tests'>
				<a href="#" class='search-div'>
				<i class='material-icons'>search</i> Search
				</a>
				<div class='input-field left hide'>
					<input id='search-tests' type='text' class='validate browser-default' placeholder='Search Tests...'>
				</div>
			</div>
			<!-- search -->
		</div>
	</section>
	<div class='subview-left left'>
		<div class='view-summary'>
			<ul id='category-collection' class='category-collection'>
				<li class='category displayed active'>
					<div class='category-heading'>
						<span class='category-name'>@FunctionalTest</span>
						<span class='category-status right'>
						<span class='label pass'>3</span>
						<span class='label fail'>1</span>
						</span>
					</div>
					<div class='category-content hide'>
						<div class='category-status-counts'>
							<span status="pass" class='label green accent-4 white-text'>Passed: 3</span>
							<span status="fail" class='label red lighten-1 white-text'>Failed: 1</span>
							
						</div>
						<div class='category-tests'>
							<table class='bordered table-results'>
								<thead>
									<tr>
										<th>Timestamp</th>
										<th>TestName</th>
										<th>Status</th>
									</tr>
								</thead>
								<tbody>
									<tr>
										<td>Dec 19, 2020 07:45:39 AM</td>
										<td class='linked' test-id='1'>To test the calendar module</td>
										<td><span class='test-status pass'>pass</span></td>
									</tr>
									<tr>
										<td>Dec 19, 2020 07:45:39 AM</td>
										<td class='linked' test-id='2'>To add one or more new calendars</td>
										<td><span class='test-status pass'>pass</span></td>
									</tr>
									<tr>
										<td>Dec 19, 2020 07:46:11 AM</td>
										<td class='linked' test-id='16'>To test the crm application Login</td>
										<td><span class='test-status fail'>fail</span></td>
									</tr>
									<tr>
										<td>Dec 19, 2020 07:46:11 AM</td>
										<td class='linked' test-id='18'>To test the crm Login Functionality for Valid User</td>
										<td><span class='test-status pass'>pass</span></td>
									</tr>
									<tr>
										<td>Dec 19, 2020 07:46:16 AM</td>
										<td class='linked' test-id='30'>To test the crm Login Functionality for InValid User</td>
										<td><span class='test-status fail'>fail</span></td>
									</tr>
									<tr>
										<td>Dec 19, 2020 07:56:28 AM</td>
										<td class='linked' test-id='39'>To test the deals module</td>
										<td><span class='test-status pass'>pass</span></td>
									</tr>
									<tr>
										<td>Dec 19, 2020 07:56:28 AM</td>
										<td class='linked' test-id='40'>To create a new Deal</td>
										<td><span class='test-status pass'>pass</span></td>
									</tr>
								</tbody>
							</table>
						</div>
					</div>
				</li>
				<li class='category displayed active'>
					<div class='category-heading'>
						<span class='category-name'>@SmokeTest</span>
						<span class='category-status right'>
						<span class='label pass'>3</span>
						</span>
					</div>
					<div class='category-content hide'>
						<div class='category-status-counts'>
							<span status="pass" class='label green accent-4 white-text'>Passed: 3</span>
							
							
						</div>
						<div class='category-tests'>
							<table class='bordered table-results'>
								<thead>
									<tr>
										<th>Timestamp</th>
										<th>TestName</th>
										<th>Status</th>
									</tr>
								</thead>
								<tbody>
									<tr>
										<td>Dec 19, 2020 07:45:39 AM</td>
										<td class='linked' test-id='2'>To add one or more new calendars</td>
										<td><span class='test-status pass'>pass</span></td>
									</tr>
									<tr>
										<td>Dec 19, 2020 07:46:11 AM</td>
										<td class='linked' test-id='17'>To test the crm Login Functionality for Valid User</td>
										<td><span class='test-status pass'>pass</span></td>
									</tr>
									<tr>
										<td>Dec 19, 2020 07:46:11 AM</td>
										<td class='linked' test-id='18'>To test the crm Login Functionality for Valid User</td>
										<td><span class='test-status pass'>pass</span></td>
									</tr>
								</tbody>
							</table>
						</div>
					</div>
				</li>
				<li class='category displayed active'>
					<div class='category-heading'>
						<span class='category-name'>@RegressionTest</span>
						<span class='category-status right'>
						<span class='label fail'>2</span>
						</span>
					</div>
					<div class='category-content hide'>
						<div class='category-status-counts'>
							
							<span status="fail" class='label red lighten-1 white-text'>Failed: 2</span>
							
						</div>
						<div class='category-tests'>
							<table class='bordered table-results'>
								<thead>
									<tr>
										<th>Timestamp</th>
										<th>TestName</th>
										<th>Status</th>
									</tr>
								</thead>
								<tbody>
									<tr>
										<td>Dec 19, 2020 07:46:16 AM</td>
										<td class='linked' test-id='29'>To test the crm Login Functionality for InValid User</td>
										<td><span class='test-status fail'>fail</span></td>
									</tr>
									<tr>
										<td>Dec 19, 2020 07:46:16 AM</td>
										<td class='linked' test-id='30'>To test the crm Login Functionality for InValid User</td>
										<td><span class='test-status fail'>fail</span></td>
									</tr>
								</tbody>
							</table>
						</div>
					</div>
				</li>
			</ul>
		</div>
	</div>
	<div class='subview-right left'>
		<div class='view-summary'>
			<h5 class='category-name'></h5>
		</div>
	</div>
</div>
<!-- category view --><div id='exception-view' class='view hide'>
	<section id='controls'>
		<div class='controls grey lighten-4'>
			<!-- search -->
			<div class='chip transparent' alt='Search Tests' title='Search Tests'>
				<a href="#" class='search-div'>
				<i class='material-icons'>search</i> Search
				</a>
				<div class='input-field left hide'>
					<input id='search-tests' type='text' class='validate browser-default' placeholder='Search Tests...'>
				</div>
			</div>
			<!-- search -->
		</div>
	</section>
	<div class='subview-left left'>
		<div class='view-summary'>
			<ul id='exception-collection' class='exception-collection'>
				<li class='exception displayed active'>
					<div class='exception-heading'>
						<span class='exception-name'>org.openqa.selenium.SessionNotCreatedException</span>
						<span class='exception-count right'><span class='label red lighten-1 white-text'>1</span></span>
					</div>
					<div class='exception-content hide'>
						<div class='exception-tests'>
							<table class='bordered table-results'>
								<thead>
									<tr>
										<th>Timestamp</th>
										<th>TestName</th>
										<th>Status</th>
									</tr>
								</thead>
								<tbody>
									<tr>
										<td>Dec 19, 2020 07:46:16 AM</td>
										<td class='linked' test-id='31'>com.stepDefinitions.Hook.setUp()</td>
										<td>
											<textarea disabled class="code-block">org.openqa.selenium.SessionNotCreatedException: session not created
from timeout: Timed out receiving message from renderer: 600.000
  (Session info: chrome=87.0.4280.88)
Build info: version: '3.141.59', revision: 'e82be7d358', time: '2018-11-14T08:17:03'
System info: host: 'PRADEEP-PC', ip: '192.168.214.1', os.name: 'Windows 10', os.arch: 'amd64', os.version: '10.0', java.version: '1.8.0_271'
Driver info: driver.version: ChromeDriver
remote stacktrace: Backtrace:
	Ordinal0 [0x00B4C0C3+3326147]
	Ordinal0 [0x00A30851+2164817]
	Ordinal0 [0x008B7298+619160]
	Ordinal0 [0x008AB17F+569727]
	Ordinal0 [0x008AA421+566305]
	Ordinal0 [0x008AA815+567317]
	Ordinal0 [0x008AA135+565557]
	Ordinal0 [0x008B38B1+604337]
	Ordinal0 [0x008AA0F1+565489]
	Ordinal0 [0x008AAEA2+568994]
	Ordinal0 [0x008AA421+566305]
	Ordinal0 [0x008AA815+567317]
	Ordinal0 [0x008AA135+565557]
	Ordinal0 [0x008B1D2C+597292]
	Ordinal0 [0x008AA0F1+565489]
	Ordinal0 [0x008AAEA2+568994]
	Ordinal0 [0x008AA421+566305]
	Ordinal0 [0x008AA815+567317]
	Ordinal0 [0x008AA135+565557]
	Ordinal0 [0x008AFE62+589410]
	Ordinal0 [0x008AA0F1+565489]
	Ordinal0 [0x008AAEA2+568994]
	Ordinal0 [0x008AA421+566305]
	Ordinal0 [0x008AA815+567317]
	Ordinal0 [0x008AA135+565557]
	Ordinal0 [0x008AF075+585845]
	Ordinal0 [0x008AA0F1+565489]
	Ordinal0 [0x008AAEA2+568994]
	Ordinal0 [0x008AA421+566305]
	Ordinal0 [0x008AA815+567317]
	Ordinal0 [0x008AA135+565557]
	Ordinal0 [0x008A6776+550774]
	Ordinal0 [0x008AA0F1+565489]
	Ordinal0 [0x008A9F13+565011]
	Ordinal0 [0x008A9D07+564487]
	Ordinal0 [0x008B82C0+623296]
	Ordinal0 [0x00856BDD+224221]
	Ordinal0 [0x00855CAC+220332]
	Ordinal0 [0x0085189B+202907]
	Ordinal0 [0x00833DF4+81396]
	Ordinal0 [0x00834DEE+85486]
	Ordinal0 [0x00834D79+85369]
	Ordinal0 [0x00A485DC+2262492]
	GetHandleVerifier [0x00CD2874+1487204]
	GetHandleVerifier [0x00CD23CD+1486013]
	GetHandleVerifier [0x00CDA368+1518680]
	GetHandleVerifier [0x00CD2F4E+1488958]
	Ordinal0 [0x00A3ED0D+2223373]
	Ordinal0 [0x00A4A12B+2269483]
	Ordinal0 [0x00A4A26F+2269807]
	Ordinal0 [0x00A5ECB8+2354360]
	BaseThreadInitThunk [0x75C6FA29+25]
	RtlGetAppContainerNamedObjectPath [0x77A575F4+228]
	RtlGetAppContainerNamedObjectPath [0x77A575C4+180]

	at sun.reflect.NativeConstructorAccessorImpl.newInstance0(Native Method)
	at sun.reflect.NativeConstructorAccessorImpl.newInstance(NativeConstructorAccessorImpl.java:62)
	at sun.reflect.DelegatingConstructorAccessorImpl.newInstance(DelegatingConstructorAccessorImpl.java:45)
	at java.lang.reflect.Constructor.newInstance(Constructor.java:423)
	at org.openqa.selenium.remote.W3CHandshakeResponse.lambda$errorHandler$0(W3CHandshakeResponse.java:62)
	at org.openqa.selenium.remote.HandshakeResponse.lambda$getResponseFunction$0(HandshakeResponse.java:30)
	at org.openqa.selenium.remote.ProtocolHandshake.lambda$createSession$0(ProtocolHandshake.java:126)
	at java.util.stream.ReferencePipeline$3$1.accept(ReferencePipeline.java:193)
	at java.util.Spliterators$ArraySpliterator.tryAdvance(Spliterators.java:958)
	at java.util.stream.ReferencePipeline.forEachWithCancel(ReferencePipeline.java:126)
	at java.util.stream.AbstractPipeline.copyIntoWithCancel(AbstractPipeline.java:499)
	at java.util.stream.AbstractPipeline.copyInto(AbstractPipeline.java:486)
	at java.util.stream.AbstractPipeline.wrapAndCopyInto(AbstractPipeline.java:472)
	at java.util.stream.FindOps$FindOp.evaluateSequential(FindOps.java:152)
	at java.util.stream.AbstractPipeline.evaluate(AbstractPipeline.java:234)
	at java.util.stream.ReferencePipeline.findFirst(ReferencePipeline.java:464)
	at org.openqa.selenium.remote.ProtocolHandshake.createSession(ProtocolHandshake.java:128)
	at org.openqa.selenium.remote.ProtocolHandshake.createSession(ProtocolHandshake.java:74)
	at org.openqa.selenium.remote.HttpCommandExecutor.execute(HttpCommandExecutor.java:136)
	at org.openqa.selenium.remote.service.DriverCommandExecutor.execute(DriverCommandExecutor.java:83)
	at org.openqa.selenium.remote.RemoteWebDriver.execute(RemoteWebDriver.java:552)
	at org.openqa.selenium.remote.RemoteWebDriver.startSession(RemoteWebDriver.java:213)
	at org.openqa.selenium.remote.RemoteWebDriver.<init>(RemoteWebDriver.java:131)
	at org.openqa.selenium.chrome.ChromeDriver.<init>(ChromeDriver.java:181)
	at org.openqa.selenium.chrome.ChromeDriver.<init>(ChromeDriver.java:168)
	at org.openqa.selenium.chrome.ChromeDriver.<init>(ChromeDriver.java:123)
	at com.baseClasses.Library.browserSetUp(Library.java:53)
	at com.stepDefinitions.Hook.setUp(Hook.java:27)
</textarea>
										</td>
									</tr>
								</tbody>
							</table>
						</div>
					</div>
				</li>
				<li class='exception displayed active'>
					<div class='exception-heading'>
						<span class='exception-name'>org.openqa.selenium.NoSuchSessionException</span>
						<span class='exception-count right'><span class='label red lighten-1 white-text'>1</span></span>
					</div>
					<div class='exception-content hide'>
						<div class='exception-tests'>
							<table class='bordered table-results'>
								<thead>
									<tr>
										<th>Timestamp</th>
										<th>TestName</th>
										<th>Status</th>
									</tr>
								</thead>
								<tbody>
									<tr>
										<td>Dec 19, 2020 07:56:20 AM</td>
										<td class='linked' test-id='38'>com.stepDefinitions.Hook.tear(io.cucumber.java.Scenario)</td>
										<td>
											<textarea disabled class="code-block">org.openqa.selenium.NoSuchSessionException: Session ID is null. Using WebDriver after calling quit()?
Build info: version: '3.141.59', revision: 'e82be7d358', time: '2018-11-14T08:17:03'
System info: host: 'PRADEEP-PC', ip: '192.168.214.1', os.name: 'Windows 10', os.arch: 'amd64', os.version: '10.0', java.version: '1.8.0_271'
Driver info: driver.version: RemoteWebDriver
	at org.openqa.selenium.remote.HttpCommandExecutor.execute(HttpCommandExecutor.java:125)
	at org.openqa.selenium.remote.service.DriverCommandExecutor.execute(DriverCommandExecutor.java:83)
	at org.openqa.selenium.remote.RemoteWebDriver.execute(RemoteWebDriver.java:552)
	at org.openqa.selenium.remote.RemoteWebDriver.execute(RemoteWebDriver.java:609)
	at org.openqa.selenium.remote.RemoteWebDriver.getScreenshotAs(RemoteWebDriver.java:295)
	at com.reusableFunctions.SeleniumUtilities.to_take_screenshot(SeleniumUtilities.java:26)
	at com.stepDefinitions.Hook.tear(Hook.java:40)
</textarea>
										</td>
									</tr>
								</tbody>
							</table>
						</div>
					</div>
				</li>
			</ul>
		</div>
	</div>
	<div class='subview-right left'>
		<div class='view-summary'>
			<h5 class='exception-name'></h5>
		</div>
	</div>
</div>
<!-- exception view --><div id='dashboard-view' class='view hide'>
	<div class='card-panel transparent np-v'>
		<h5>Dashboard</h5>

		<div class='row'>
			<div class='col s2'>
				<div class='card-panel r'>
					Features
					<div class='panel-lead'>3</div>
				</div>
			</div>
			<div class='col s2'>
				<div class='card-panel r'>
					Scenarios
					<div class='panel-lead'>4</div>
				</div>
			</div>
			<div class='col s2'>
				<div class='card-panel r'>
					Steps
					<div class='panel-lead'>36</div>
				</div>
			</div>
			<div class='col s2'>
				<div class='card-panel r'>
					Start
					<div class='panel-lead'>Dec 19, 2020 07:45:29 AM</div>
				</div>
			</div>
			<div class='col s2'>
				<div class='card-panel r'>
			 		End
			 		<div class='panel-lead'>Dec 19, 2020 07:56:34 AM</div>
				</div>
			</div>
			<div class='col s2'>
				<div class='card-panel r'>
					Time Taken
					<div class='panel-lead'>0h 11m 4s+855ms</div>
				</div>
			</div>
			<div class='col s6'>
				<div class='card-panel dashboard-categories'>
					<span class='right label cyan white-text'>Categories</span><p>&nbsp;</p>
					
					<table>
						<tr>
							<th>Name</th>
							<th>Passed</th>
							<th>Failed</th>
							<th>Skipped</th>
							<th>Passed %</th>
						</tr>
						<tr>
							<td>@FunctionalTest</td>
							<td>3</td>
							<td>1</td>
							<td>0</td>
							<td>
									42.857%
							</td>
						</tr>
						<tr>
							<td>@SmokeTest</td>
							<td>3</td>
							<td>0</td>
							<td>0</td>
							<td>
									100%
							</td>
						</tr>
						<tr>
							<td>@RegressionTest</td>
							<td>0</td>
							<td>2</td>
							<td>0</td>
							<td>
									0%
							</td>
						</tr>
					</table>
				</div>
			</div>
		</div>
	</div>
</div>
<!-- dashboard view -->
<!-- testrunner-logs view -->		</div>
		<!-- container -->
		<script>
			var statusGroup = {
                parentCount: 3,
				passParent: 2,
				failParent: 1,
				fatalParent: 0,
				errorParent: 0,
				warningParent: 0,
				skipParent: 0,
				exceptionsParent: 1,
				childCount: 4,
				passChild: 3,
				failChild: 1,
				fatalChild: 0,
				errorChild: 0,
				warningChild: 0,
				skipChild: 0,
				infoChild: 0,
				debugChild: 0,
				exceptionsChild: 1,
				grandChildCount: 36,
				passGrandChild: 28,
				failGrandChild: 2,
				fatalGrandChild: 0,
				errorGrandChild: 0,
				warningGrandChild: 0,
				skipGrandChild: 6,
				infoGrandChild: 0,
				debugGrandChild: 0,
				exceptionsGrandChild: 8,
			};
		</script>
		<script>
			var timeline = {
			        "To test the calendar module":23.199,"To test the crm application Login":608.6,"To test the deals module":4.559
			};
		</script>
	
		  <script src='https://cdn.jsdelivr.net/gh/extent-framework/extent-github-cdn@ff53917fbbdb5ef820abbbe4d199a6942dc771ff/v3html/js/extent.js' type='text/javascript'></script>
		<script type='text/javascript'>
		</script>
	</body>
</html>